[03:38:06] [ServerMain/INFO]: Environment: Environment[sessionHost=https://sessionserver.mojang.com, servicesHost=https://api.minecraftservices.com, name=PROD]
[03:38:09] [ServerMain/INFO]: Loaded 1290 recipes
[03:38:09] [ServerMain/INFO]: Loaded 1399 advancements
[03:38:10] [Server thread/INFO]: Starting minecraft server version 1.21
[03:38:10] [Server thread/INFO]: Loading properties
[03:38:10] [Server thread/INFO]: Default game type: SURVIVAL
[03:38:10] [Server thread/INFO]: Generating keypair
[03:38:10] [Server thread/INFO]: Starting Minecraft server on *:25565
[03:38:10] [Server thread/INFO]: Using epoll channel type
[03:38:10] [Server thread/WARN]: **** SERVER IS RUNNING IN OFFLINE/INSECURE MODE!
[03:38:10] [Server thread/WARN]: The server will make no attempt to authenticate usernames. Beware.
[03:38:10] [Server thread/WARN]: While this makes the game possible to play without internet access, it also opens up the ability for hackers to connect with any username they choose.
[03:38:10] [Server thread/WARN]: To change this, set "online-mode" to "true" in the server.properties file.
[03:38:10] [Server thread/INFO]: Preparing level "world"
[03:38:19] [Server thread/INFO]: Preparing start region for dimension minecraft:overworld
[03:38:19] [Worker-Main-1/INFO]: Preparing spawn area: 0%
[03:38:19] [Worker-Main-1/INFO]: Preparing spawn area: 0%
[03:38:20] [Server thread/INFO]: Time elapsed: 858 ms
[03:38:20] [Server thread/INFO]: Done (9.541s)! For help, type "help"
[03:39:09] [Server thread/INFO]: com.mojang.authlib.GameProfile@72650c42[id=2dfb8ddf-63eb-30eb-8cb9-0ecf0ccffeb4,name=Nattramn0,properties={}] lost connection: Timed out
[03:51:53] [Server thread/INFO]: com.mojang.authlib.GameProfile@37ffda16[id=2dfb8ddf-63eb-30eb-8cb9-0ecf0ccffeb4,name=Nattramn0,properties={}] lost connection: Timed out
[03:53:43] [Server thread/INFO]: Stopping the server
[03:53:43] [Server thread/INFO]: Stopping server
[03:53:43] [Server thread/INFO]: Saving players
[03:53:43] [Server thread/INFO]: Saving worlds
[03:53:43] [Server thread/INFO]: Saving chunks for level 'ServerLevel[world]'/minecraft:overworld
[03:53:44] [Server thread/INFO]: Saving chunks for level 'ServerLevel[world]'/minecraft:the_nether
[03:53:44] [Server thread/INFO]: Saving chunks for level 'ServerLevel[world]'/minecraft:the_end
[03:53:44] [Server thread/INFO]: ThreadedAnvilChunkStorage (world): All chunks are saved
[03:53:44] [Server thread/INFO]: ThreadedAnvilChunkStorage (DIM-1): All chunks are saved
[03:53:44] [Server thread/INFO]: ThreadedAnvilChunkStorage (DIM1): All chunks are saved
[03:53:44] [Server thread/INFO]: ThreadedAnvilChunkStorage: All dimensions are saved
